<?xml version="1.0" encoding="UTF-8"?>
<!-- Generated by org.testng.reporters.JUnitReportReporter -->
<testsuite hostname="LAPTOP-7H29QR0O" failures="0" tests="2" name="paralleExecution.testClassTwo" time="181.386" errors="0" timestamp="8 Apr 2021 07:37:13 GMT">
  <testcase classname="paralleExecution.testClassTwo" name="test_Directory" time="129.285"/>
  <testcase classname="paralleExecution.testClassTwo" name="test_Maintenance" time="52.101"/>
</testsuite> <!-- paralleExecution.testClassTwo -->
