<?xml version="1.0" encoding="UTF-8"?>
<!-- Generated by org.testng.reporters.JUnitReportReporter -->
<testsuite hostname="LAPTOP-7H29QR0O" failures="0" tests="2" name="paralleExecution.testClassOne" time="175.707" errors="0" timestamp="8 Apr 2021 07:37:13 GMT">
  <testcase classname="paralleExecution.testClassOne" name="test_Admin" time="59.859"/>
  <testcase classname="paralleExecution.testClassOne" name="test_TimeSheet" time="115.848"/>
</testsuite> <!-- paralleExecution.testClassOne -->
